#
#model:
#
#<?xml version="1.0" encoding="UTF-8" standalone="no"?><input id="posterior" spec="beast.base.inference.CompoundDistribution">
#    <distribution id="prior" spec="beast.base.inference.CompoundDistribution">
#        <distribution id="YuleModel.t:out_16S" spec="beast.base.evolution.speciation.YuleModel">
#            <parameter id="birthRate.t:out_16S" lower="0.0" name="birthDiffRate" spec="beast.base.inference.parameter.RealParameter">1.0</parameter>
#            <tree id="Tree.t:out_16S" spec="beast.base.evolution.tree.Tree">
#                <taxonset id="TaxonSet.out_16S" spec="beast.base.evolution.alignment.TaxonSet">
#                </taxonset>
#            </tree>
#        </distribution>
#        <distribution id="YuleModel.t:out_cytb" spec="beast.base.evolution.speciation.YuleModel">
#            <parameter id="birthRate.t:out_cytb" lower="0.0" name="birthDiffRate" spec="beast.base.inference.parameter.RealParameter">1.0</parameter>
#            <tree id="Tree.t:out_cytb" spec="beast.base.evolution.tree.Tree">
#                <taxonset id="TaxonSet.out_cytb" spec="beast.base.evolution.alignment.TaxonSet">
#                </taxonset>
#            </tree>
#        </distribution>
#        <prior id="YuleBirthRatePrior.t:out_16S" name="distribution" x="@birthRate.t:out_16S">
#            <Gamma id="Gamma.12" name="distr">
#                <parameter estimate="false" id="RealParameter.29" name="alpha" spec="beast.base.inference.parameter.RealParameter">0.001</parameter>
#                <parameter estimate="false" id="RealParameter.30" name="beta" spec="beast.base.inference.parameter.RealParameter">2.0</parameter>
#            </Gamma>
#        </prior>
#        <prior id="YuleBirthRatePrior.t:out_cytb" name="distribution" x="@birthRate.t:out_cytb">
#            <Gamma id="Gamma.13" name="distr">
#                <parameter estimate="false" id="RealParameter.31" name="alpha" spec="beast.base.inference.parameter.RealParameter">0.001</parameter>
#                <parameter estimate="false" id="RealParameter.32" name="beta" spec="beast.base.inference.parameter.RealParameter">2.0</parameter>
#            </Gamma>
#        </prior>
#        <prior id="FrequenciesPrior.s:out_16S" name="distribution">
#            <parameter dimension="4" id="freqParameter.s:out_16S" lower="0.0" name="x" spec="beast.base.inference.parameter.RealParameter" upper="1.0">0.25</parameter>
#            <distr id="Dirichlet.1" spec="beast.base.inference.distribution.Dirichlet">
#                <parameter dimension="4" estimate="false" id="RealParameter.28" name="alpha" spec="beast.base.inference.parameter.RealParameter">4.0 4.0 4.0 4.0</parameter>
#            </distr>
#        </prior>
#        <prior id="FrequenciesPrior.s:out_cytb" name="distribution">
#            <parameter dimension="4" id="freqParameter.s:out_cytb" lower="0.0" name="x" spec="beast.base.inference.parameter.RealParameter" upper="1.0">0.25</parameter>
#            <distr id="Dirichlet.0" spec="beast.base.inference.distribution.Dirichlet">
#                <parameter dimension="4" estimate="false" id="RealParameter.15" name="alpha" spec="beast.base.inference.parameter.RealParameter">4.0 4.0 4.0 4.0</parameter>
#            </distr>
#        </prior>
#        <prior id="RateACPrior.s:out_16S" name="distribution">
#            <parameter id="rateAC.s:out_16S" lower="0.0" name="x" spec="beast.base.inference.parameter.RealParameter">1.0</parameter>
#            <Gamma id="Gamma.6" name="distr">
#                <parameter estimate="false" id="RealParameter.16" name="alpha" spec="beast.base.inference.parameter.RealParameter">0.05</parameter>
#                <parameter estimate="false" id="RealParameter.17" name="beta" spec="beast.base.inference.parameter.RealParameter">10.0</parameter>
#            </Gamma>
#        </prior>
#        <prior id="RateACPrior.s:out_cytb" name="distribution">
#            <parameter id="rateAC.s:out_cytb" lower="0.0" name="x" spec="beast.base.inference.parameter.RealParameter">1.0</parameter>
#            <Gamma id="Gamma.0" name="distr">
#                <parameter estimate="false" id="RealParameter.3" name="alpha" spec="beast.base.inference.parameter.RealParameter">0.05</parameter>
#                <parameter estimate="false" id="RealParameter.4" name="beta" spec="beast.base.inference.parameter.RealParameter">10.0</parameter>
#            </Gamma>
#        </prior>
#        <prior id="RateAGPrior.s:out_16S" name="distribution">
#            <parameter id="rateAG.s:out_16S" lower="0.0" name="x" spec="beast.base.inference.parameter.RealParameter">1.0</parameter>
#            <Gamma id="Gamma.7" name="distr">
#                <parameter estimate="false" id="RealParameter.18" name="alpha" spec="beast.base.inference.parameter.RealParameter">0.05</parameter>
#                <parameter estimate="false" id="RealParameter.19" name="beta" spec="beast.base.inference.parameter.RealParameter">20.0</parameter>
#            </Gamma>
#        </prior>
#        <prior id="RateAGPrior.s:out_cytb" name="distribution">
#            <parameter id="rateAG.s:out_cytb" lower="0.0" name="x" spec="beast.base.inference.parameter.RealParameter">1.0</parameter>
#            <Gamma id="Gamma.1" name="distr">
#                <parameter estimate="false" id="RealParameter.5" name="alpha" spec="beast.base.inference.parameter.RealParameter">0.05</parameter>
#                <parameter estimate="false" id="RealParameter.6" name="beta" spec="beast.base.inference.parameter.RealParameter">20.0</parameter>
#            </Gamma>
#        </prior>
#        <prior id="RateATPrior.s:out_16S" name="distribution">
#            <parameter id="rateAT.s:out_16S" lower="0.0" name="x" spec="beast.base.inference.parameter.RealParameter">1.0</parameter>
#            <Gamma id="Gamma.8" name="distr">
#                <parameter estimate="false" id="RealParameter.20" name="alpha" spec="beast.base.inference.parameter.RealParameter">0.05</parameter>
#                <parameter estimate="false" id="RealParameter.21" name="beta" spec="beast.base.inference.parameter.RealParameter">10.0</parameter>
#            </Gamma>
#        </prior>
#        <prior id="RateATPrior.s:out_cytb" name="distribution">
#            <parameter id="rateAT.s:out_cytb" lower="0.0" name="x" spec="beast.base.inference.parameter.RealParameter">1.0</parameter>
#            <Gamma id="Gamma.2" name="distr">
#                <parameter estimate="false" id="RealParameter.7" name="alpha" spec="beast.base.inference.parameter.RealParameter">0.05</parameter>
#                <parameter estimate="false" id="RealParameter.8" name="beta" spec="beast.base.inference.parameter.RealParameter">10.0</parameter>
#            </Gamma>
#        </prior>
#        <prior id="RateCGPrior.s:out_16S" name="distribution">
#            <parameter id="rateCG.s:out_16S" lower="0.0" name="x" spec="beast.base.inference.parameter.RealParameter">1.0</parameter>
#            <Gamma id="Gamma.9" name="distr">
#                <parameter estimate="false" id="RealParameter.22" name="alpha" spec="beast.base.inference.parameter.RealParameter">0.05</parameter>
#                <parameter estimate="false" id="RealParameter.23" name="beta" spec="beast.base.inference.parameter.RealParameter">10.0</parameter>
#            </Gamma>
#        </prior>
#        <prior id="RateCGPrior.s:out_cytb" name="distribution">
#            <parameter id="rateCG.s:out_cytb" lower="0.0" name="x" spec="beast.base.inference.parameter.RealParameter">1.0</parameter>
#            <Gamma id="Gamma.3" name="distr">
#                <parameter estimate="false" id="RealParameter.9" name="alpha" spec="beast.base.inference.parameter.RealParameter">0.05</parameter>
#                <parameter estimate="false" id="RealParameter.10" name="beta" spec="beast.base.inference.parameter.RealParameter">10.0</parameter>
#            </Gamma>
#        </prior>
#        <prior id="RateGTPrior.s:out_16S" name="distribution">
#            <parameter id="rateGT.s:out_16S" lower="0.0" name="x" spec="beast.base.inference.parameter.RealParameter">1.0</parameter>
#            <Gamma id="Gamma.11" name="distr">
#                <parameter estimate="false" id="RealParameter.26" name="alpha" spec="beast.base.inference.parameter.RealParameter">0.05</parameter>
#                <parameter estimate="false" id="RealParameter.27" name="beta" spec="beast.base.inference.parameter.RealParameter">10.0</parameter>
#            </Gamma>
#        </prior>
#        <prior id="RateGTPrior.s:out_cytb" name="distribution">
#            <parameter id="rateGT.s:out_cytb" lower="0.0" name="x" spec="beast.base.inference.parameter.RealParameter">1.0</parameter>
#            <Gamma id="Gamma.5" name="distr">
#                <parameter estimate="false" id="RealParameter.13" name="alpha" spec="beast.base.inference.parameter.RealParameter">0.05</parameter>
#                <parameter estimate="false" id="RealParameter.14" name="beta" spec="beast.base.inference.parameter.RealParameter">10.0</parameter>
#            </Gamma>
#        </prior>
#    </distribution>
#    <distribution id="likelihood" spec="beast.base.inference.CompoundDistribution" useThreads="true">
#        <distribution data="@out_cytb" id="treeLikelihood.out_cytb" spec="beast.base.evolution.likelihood.ThreadedTreeLikelihood" tree="@Tree.t:out_cytb">
#            <siteModel id="SiteModel.s:out_cytb" spec="beast.base.evolution.sitemodel.SiteModel">
#                <parameter estimate="false" id="mutationRate.s:out_cytb" lower="0.0" name="mutationRate" spec="beast.base.inference.parameter.RealParameter">1.0</parameter>
#                <parameter estimate="false" id="gammaShape.s:out_cytb" lower="0.1" name="shape" spec="beast.base.inference.parameter.RealParameter">1.0</parameter>
#                <parameter estimate="false" id="proportionInvariant.s:out_cytb" lower="0.0" name="proportionInvariant" spec="beast.base.inference.parameter.RealParameter" upper="1.0">0.0</parameter>
#                <substModel id="gtr.s:out_cytb" rateAC="@rateAC.s:out_cytb" rateAG="@rateAG.s:out_cytb" rateAT="@rateAT.s:out_cytb" rateCG="@rateCG.s:out_cytb" rateGT="@rateGT.s:out_cytb" spec="beast.base.evolution.substitutionmodel.GTR">
#                    <parameter estimate="false" id="rateCT.s:out_cytb" lower="0.0" name="rateCT" spec="beast.base.inference.parameter.RealParameter">1.0</parameter>
#                    <frequencies frequencies="@freqParameter.s:out_cytb" id="estimatedFreqs.s:out_cytb" spec="beast.base.evolution.substitutionmodel.Frequencies"/>
#                </substModel>
#            </siteModel>
#            <branchRateModel id="StrictClock.c:out_cytb" spec="beast.base.evolution.branchratemodel.StrictClockModel">
#                <parameter estimate="false" id="clockRate.c:out_cytb" lower="0.0" name="clock.rate" spec="beast.base.inference.parameter.RealParameter">1.0</parameter>
#            </branchRateModel>
#        </distribution>
#        <distribution data="@out_16S" id="treeLikelihood.out_16S" spec="beast.base.evolution.likelihood.ThreadedTreeLikelihood" tree="@Tree.t:out_16S">
#            <siteModel id="SiteModel.s:out_16S" spec="beast.base.evolution.sitemodel.SiteModel">
#                <parameter estimate="false" id="mutationRate.s:out_16S" lower="0.0" name="mutationRate" spec="beast.base.inference.parameter.RealParameter">1.0</parameter>
#                <parameter estimate="false" id="gammaShape.s:out_16S" lower="0.1" name="shape" spec="beast.base.inference.parameter.RealParameter">1.0</parameter>
#                <parameter estimate="false" id="proportionInvariant.s:out_16S" lower="0.0" name="proportionInvariant" spec="beast.base.inference.parameter.RealParameter" upper="1.0">0.0</parameter>
#                <substModel id="gtr.s:out_16S" rateAC="@rateAC.s:out_16S" rateAG="@rateAG.s:out_16S" rateAT="@rateAT.s:out_16S" rateCG="@rateCG.s:out_16S" rateGT="@rateGT.s:out_16S" spec="beast.base.evolution.substitutionmodel.GTR">
#                    <parameter estimate="false" id="rateCT.s:out_16S" lower="0.0" name="rateCT" spec="beast.base.inference.parameter.RealParameter">1.0</parameter>
#                    <frequencies frequencies="@freqParameter.s:out_16S" id="estimatedFreqs.s:out_16S" spec="beast.base.evolution.substitutionmodel.Frequencies"/>
#                </substModel>
#            </siteModel>
#            <branchRateModel id="StrictClock.c:out_16S" spec="beast.base.evolution.branchratemodel.StrictClockModel">
#                <parameter estimate="false" id="clockRate.c:out_16S" lower="0.0" name="clock.rate" spec="beast.base.inference.parameter.RealParameter">1.0</parameter>
#            </branchRateModel>
#        </distribution>
#    </distribution>
#</input>
#
Sample	posterior	likelihood	prior	treeLikelihood.16S	treeLikelihood.cytb	Tree.16S.height	Tree.16S.treeLength	Tree.cytb.height	Tree.cytb.treeLength	YuleModel.16S	YuleModel.cytb	birthRate.16S	birthRate.cytb	rateAC.16S	rateAC.cytb	rateAG.16S	rateAG.cytb	rateAT.16S	rateAT.cytb	rateCG.16S	rateCG.cytb	rateGT.16S	rateGT.cytb	freqParameter.16S.1	freqParameter.16S.2	freqParameter.16S.3	freqParameter.16S.4	freqParameter.cytb.1	freqParameter.cytb.2	freqParameter.cytb.3	freqParameter.cytb.4
0	-42429.1696000067	-42383.97150964745	-45.19809035925307	-26286.76027919323	-16097.211230454217	1.107064709977747	4.761010410245378	0.37812913607042814	2.005338955788525	-4.761010410245379	-2.0053389557885244	1.0	1.0	1.0	1.0	1.0	1.0	1.0	1.0	1.0	1.0	1.0	1.0	0.25	0.25	0.25	0.25	0.25	0.25	0.25	0.25
1000	-32641.646023760273	-32606.04338464606	-35.60263911421418	-18996.065236458056	-13609.978148188004	0.6501556588099666	5.3766927196715155	0.3623582759035869	2.6294368777607398	-0.7262354560832098	6.1331139126147	2.272463124252232	2.4597614983231417	1.0	1.0	1.0	1.0	1.0	1.0	0.607545505090408	1.0	1.0	1.0	0.25	0.23968277507161137	0.25	0.26031722492838866	0.25	0.25	0.25	0.25
2000	-30165.54628576054	-30135.619338348195	-29.926947412348316	-17816.954427986257	-12318.66491036194	0.4491318674092237	3.4911625618367053	0.3279238174131237	2.74845152891341	4.660677294448196	7.5918555036278725	2.8142098171778485	3.2649435314252435	1.0	1.0	1.0	1.0	1.0	1.0	0.607545505090408	1.0	1.0	1.0	0.25	0.23968277507161137	0.25	0.26031722492838866	0.25	0.25	0.25	0.25
3000	-29617.146334241992	-29590.369171042825	-26.777163199165994	-17406.50080393334	-12183.868367109486	0.336677429527364	2.8104915945711193	0.2792820200593789	2.5881141234900493	8.412683365208686	9.583468045295625	4.509456658774667	5.881039557579385	1.0	1.0	1.0	0.5331958943836568	1.0	1.0	0.607545505090408	1.0	1.0	1.0	0.25	0.23968277507161137	0.25	0.26031722492838866	0.25	0.25	0.25	0.25
4000	-29465.33330727251	-29439.970435483658	-25.362871788852964	-17318.922578706115	-12121.047856777544	0.31150445891547085	2.66458333279265	0.27719504761681235	2.468634659421616	8.551910280150942	8.367756363411191	3.787629163903906	3.1912547260530384	1.0	1.0	1.0	0.5331958943836568	1.0	1.0	0.607545505090408	1.0	1.0	1.0	0.25	0.23968277507161137	0.25	0.26031722492838866	0.25	0.25	0.25	0.25
5000	-29387.14871209801	-29361.790781037278	-25.357931060732824	-17253.34584678326	-12108.44493425402	0.31320062735637183	2.703225136825234	0.27447355639686377	2.5195594443168097	8.276048430478884	9.950755343916258	3.664795721789154	5.062414503340617	1.0	1.0	1.0	0.5331958943836568	1.0	1.0	0.607545505090408	1.0	1.0	1.0	0.25	0.23968277507161137	0.25	0.26031722492838866	0.25	0.25	0.25	0.25
6000	-29216.3962329529	-29190.872473501884	-25.523759451015675	-17116.34897060165	-12074.523502900234	0.3062199404086822	2.6871328640014287	0.27847776783571515	2.5826346558527264	8.711713816027356	9.613812827317703	4.066476320433084	5.890257643447575	1.0	1.0	1.0	0.5331958943836568	1.0	1.0	0.607545505090408	1.0	0.6183820505543427	0.8995285197861921	0.25	0.23968277507161137	0.25	0.26031722492838866	0.25	0.25	0.25	0.25
7000	-29154.2180128249	-29130.320817960324	-23.897194864575035	-17105.881968433754	-12024.43884952657	0.2943223554512237	2.5120961417404217	0.2758793104275793	2.561286779601598	9.10002668540989	9.344454737334985	3.76301101038146	4.21392747870781	1.0	1.0	1.0	0.5331958943836568	1.0	1.0	0.607545505090408	0.9009187061758369	0.6183820505543427	0.8995285197861921	0.25	0.23968277507161137	0.25	0.26031722492838866	0.25	0.25	0.24162469220880914	0.25837530779119083
8000	-29147.933552153707	-29123.310773460493	-24.62277869321477	-17100.1885294461	-12023.122244014394	0.31503624208320025	2.6362233820416923	0.27567489134127826	2.500337261184561	9.371545813208716	9.92388656925599	5.4447917327611846	4.7203333930072295	1.0	1.0	1.0	0.5331958943836568	1.0	1.0	0.607545505090408	0.9009187061758369	0.6183820505543427	0.8995285197861921	0.25	0.23968277507161137	0.25	0.26031722492838866	0.25	0.25	0.24162469220880914	0.25837530779119083
9000	-29149.566824725116	-29124.34015111819	-25.22667360692429	-17101.81850269957	-12022.52164841862	0.3089536709273264	2.6056305736608905	0.2771271346549641	2.596380230379124	9.527951233412143	9.577237989246928	5.592789075607303	5.172762333219147	1.0	1.0	1.0	0.5331958943836568	1.0	1.0	0.607545505090408	0.9009187061758369	0.6183820505543427	0.8995285197861921	0.25	0.24739931347985206	0.25	0.252600686520148	0.25	0.25	0.24162469220880914	0.25837530779119083
10000	-29027.398889385637	-29000.76613025502	-26.632759130618624	-17097.225479740555	-11903.540650514464	0.30769565653941633	2.6612788127347513	0.2717210009495436	2.548890111764513	8.902408530030296	8.89706236098517	4.183198548348812	7.772466999396723	1.0	1.0	1.0	0.5331958943836568	1.0	1.0	0.607545505090408	0.9009187061758369	0.6183820505543427	0.4932933443921626	0.25	0.24739931347985206	0.25	0.252600686520148	0.25	0.25	0.24162469220880914	0.25837530779119083
11000	-28976.000103380415	-28952.61916076298	-23.380942617433288	-17061.13947293225	-11891.479687830732	0.30001272883089003	2.6062715716539673	0.26693316403316175	2.5105639879567967	8.919681753373247	9.72906741018243	3.9314413273266027	4.450660837430633	1.0	1.0	1.0	0.5331958943836568	1.0	1.0	0.607545505090408	0.9009187061758369	0.6183820505543427	0.4932933443921626	0.2581995759403077	0.24739931347985206	0.24180042405969232	0.252600686520148	0.25	0.25	0.24162469220880914	0.25837530779119083
12000	-28979.562745367366	-28955.900105895376	-23.662639471990843	-17059.608921771316	-11896.29118412406	0.3095132822956971	2.6508620792516346	0.25397761561302934	2.431719967367159	8.744376788997306	8.796446618766579	3.9314413273266027	3.3599147397300033	1.0	1.0	1.0	0.5331958943836568	1.0	1.0	0.607545505090408	0.9009187061758369	0.6183820505543427	0.4932933443921626	0.2581995759403077	0.24739931347985206	0.24180042405969232	0.252600686520148	0.25	0.25	0.24162469220880914	0.25837530779119083
13000	-28981.54075084223	-28957.293849506736	-24.246901335491614	-17058.78242689039	-11898.511422616344	0.2996919195550788	2.5532868804365965	0.2698339271385327	2.5606175477627486	9.127987958140857	7.4347379409874	3.9314413273266027	2.8801097028196563	1.0	1.0	1.0	0.5331958943836568	1.0	1.0	0.607545505090408	0.9009187061758369	0.6183820505543427	0.4932933443921626	0.2581995759403077	0.24739931347985206	0.24180042405969232	0.252600686520148	0.25	0.25	0.24162469220880914	0.25837530779119083
14000	-28961.009223371577	-28936.71003718335	-24.29918618822724	-17056.425104977232	-11880.284932206117	0.3081517144598199	2.6076124207261833	0.25864237124199596	2.4753829302589105	6.968632130445955	9.397292155485633	2.7408313447137487	3.8978606089763423	1.0	1.0	1.0	0.5331958943836568	1.0	1.0	0.607545505090408	0.9009187061758369	0.6183820505543427	0.4932933443921626	0.2581995759403077	0.24739931347985206	0.24180042405969232	0.252600686520148	0.25	0.25	0.24162469220880914	0.25837530779119083
15000	-28964.36147104188	-28940.48811253449	-23.873358507390748	-17062.587130382977	-11877.900982151514	0.305061407540968	2.6307470517348985	0.2525686131458412	2.433978847502527	8.607116668216714	8.391480326632085	3.7212051617115525	3.147455279672093	1.0	1.0	1.0	0.5331958943836568	1.0	1.0	0.607545505090408	0.9009187061758369	0.6183820505543427	0.4932933443921626	0.2581995759403077	0.24739931347985206	0.24180042405969232	0.252600686520148	0.25	0.25	0.24162469220880914	0.25837530779119083
16000	-28964.579235296318	-28939.406791238976	-25.172444057341977	-17059.782905244334	-11879.623885994642	0.31357874989481993	2.6739310840958774	0.2597282921468299	2.5032811047810095	8.856796575343544	9.837733485694638	6.4369706198706	4.578150119052418	1.0	1.0	1.0	0.5331958943836568	1.0	1.0	0.607545505090408	0.9009187061758369	0.6183820505543427	0.4932933443921626	0.2581995759403077	0.24739931347985206	0.24180042405969232	0.252600686520148	0.25	0.25	0.24162469220880914	0.25837530779119083
17000	-28901.17903309706	-28877.978391696703	-23.20064140035843	-17001.51397684512	-11876.464414851584	0.3146983787021114	2.611705637248377	0.24742076467265256	2.4081984141152466	9.3536517885549	10.641371772319655	4.60630566271675	5.887516358425363	1.0	1.0	1.0	0.5331958943836568	1.0	1.0	0.4380670231636268	0.9009187061758369	0.6183820505543427	0.4932933443921626	0.2581995759403077	0.24739931347985206	0.24180042405969232	0.252600686520148	0.25	0.25	0.24162469220880914	0.25837530779119083
18000	-28906.73796690987	-28883.62124936517	-23.116717544701526	-16998.779653630027	-11884.841595735144	0.30723544447293877	2.604944564128175	0.25678585141906407	2.497994756968804	9.127936965606688	10.053550235617857	4.1696429254921785	5.039138140317208	1.0	1.0	1.0	0.5331958943836568	1.0	1.0	0.4380670231636268	0.9009187061758369	0.6183820505543427	0.4932933443921626	0.2581995759403077	0.24739931347985206	0.24180042405969232	0.252600686520148	0.25	0.25	0.24162469220880914	0.25837530779119083
19000	-28773.767702777666	-28750.690984113433	-23.07671866423478	-16930.534968723037	-11820.156015390394	0.3060538265474339	2.681140292722425	0.2539904901763672	2.394215827691089	8.99125679548166	10.587553427043126	6.018593455614844	5.068520459835298	1.0	1.0	1.0	0.5331958943836568	1.0	1.0	0.21940519884889817	0.6892676245197192	0.6183820505543427	0.4932933443921626	0.2581995759403077	0.24739931347985206	0.24180042405969232	0.252600686520148	0.25	0.25	0.24162469220880914	0.25837530779119083
20000	-28776.70180183323	-28752.7319616608	-23.96984017243224	-16930.31964335598	-11822.412318304821	0.30571037922413624	2.684985193657678	0.2536049675153018	2.471754770659645	8.998852339802756	8.134104909867784	5.928531399941418	3.079081770639504	1.0	1.0	1.0	0.5331958943836568	1.0	1.0	0.21940519884889817	0.6892676245197192	0.6183820505543427	0.4932933443921626	0.2581995759403077	0.24739931347985206	0.24180042405969232	0.252600686520148	0.25	0.25	0.24162469220880914	0.25837530779119083
21000	-28768.529081307646	-28746.9222559581	-21.606825349546632	-16928.4677692373	-11818.454486720799	0.28937921630709545	2.5486982283466695	0.2583741655002042	2.458111466484908	9.41506127178458	10.018881855935412	4.236892878327361	4.536378136980439	1.0	1.0	1.0	0.5331958943836568	1.0	1.0	0.21940519884889817	0.6892676245197192	0.6183820505543427	0.4932933443921626	0.2581995759403077	0.2590881883675139	0.24180042405969232	0.24091181163248612	0.25	0.25	0.24162469220880914	0.25837530779119083
22000	-28754.24304196038	-28732.39736890511	-21.845673055272446	-16910.51377674411	-11821.883592161	0.3088633593276081	2.5977008179541534	0.251016745298122	2.3601435940314563	9.58150103384283	10.130704054630723	5.342752440593138	4.15176104004384	1.0	1.0	1.0	0.5331958943836568	1.0	1.0	0.21940519884889817	0.6892676245197192	0.6183820505543427	0.4932933443921626	0.2758630473559574	0.24142471695186418	0.24180042405969232	0.24091181163248612	0.25	0.25	0.24162469220880914	0.25837530779119083
23000	-28744.106840245477	-28722.122392491117	-21.98444775436048	-16913.849191271074	-11808.273201220041	0.30333620353952334	2.5981849192588498	0.25754335940605655	2.472997863602814	7.759713525482731	9.668380233008918	3.0867490814602476	4.1587012225643	1.0	1.0	1.0	0.5331958943836568	1.0	0.63095467191053	0.21940519884889817	0.6892676245197192	0.6183820505543427	0.4932933443921626	0.2758630473559574	0.24142471695186418	0.24180042405969232	0.24091181163248612	0.25	0.25	0.24162469220880914	0.25837530779119083
24000	-28745.34841669676	-28723.266962311216	-22.08145438554636	-16916.200910844826	-11807.06605146639	0.30978499263899406	2.6700437458122726	0.25745988660785574	2.4166677347002925	7.334481507167643	10.305545368592107	2.9821150433278656	4.696463986900576	1.0	1.0	1.0	0.5331958943836568	1.0	0.63095467191053	0.21940519884889817	0.6892676245197192	0.6183820505543427	0.4932933443921626	0.2758630473559574	0.24142471695186418	0.24180042405969232	0.24091181163248612	0.25	0.24267961232478585	0.24162469220880914	0.265695695466405
25000	-28728.367481739857	-28703.535474891425	-24.83200684843331	-16898.79143099556	-11804.744043895867	0.30653895034166095	2.6454976991522785	0.2596504556320733	2.4732862719046906	8.667801410791519	9.193538643955709	3.829950839468555	8.17825338967042	1.0	1.0	1.0	0.5331958943836568	1.0	0.63095467191053	0.21940519884889817	0.6892676245197192	0.6183820505543427	0.4932933443921626	0.2758630473559574	0.24921521414799672	0.2340099268635598	0.24091181163248612	0.25	0.24267961232478585	0.24162469220880914	0.265695695466405
26000	-28653.42953662847	-28630.338845521204	-23.090691107266125	-16830.540542739393	-11799.798302781812	0.3040729478484564	2.6062834002924626	0.26030900124393397	2.4748473869939938	8.86424243055935	9.744083904178733	3.8749516485860966	7.33520182129141	1.0	1.0	1.0	0.5331958943836568	1.0	0.63095467191053	0.21940519884889817	0.6892676245197192	0.37546390732269413	0.4932933443921626	0.2758630473559574	0.24921521414799672	0.2340099268635598	0.24091181163248612	0.25	0.24267961232478585	0.24162469220880914	0.265695695466405
27000	-28671.702125094034	-28649.0310161232	-22.671108970834776	-16833.491745705804	-11815.539270417397	0.32343045266506665	2.718861552185444	0.2824243238734371	2.535338217206929	8.854335860210565	9.756687421808085	5.7535396165238675	4.715743162102246	1.0	1.0	1.0	0.5331958943836568	1.0	0.63095467191053	0.21940519884889817	0.6892676245197192	0.37546390732269413	0.4932933443921626	0.2758630473559574	0.24921521414799672	0.2340099268635598	0.24091181163248612	0.25	0.24267961232478585	0.24162469220880914	0.265695695466405
28000	-28672.189570911567	-28651.12552318548	-21.064047726085175	-16829.617474098715	-11821.508049086764	0.30630932870715205	2.6391054250521364	0.24735552741936487	2.4259217372162833	8.603745108173516	10.42343167497191	3.746176276704766	5.058432193297648	1.0	1.0	1.0	0.5331958943836568	1.0	0.63095467191053	0.21940519884889817	0.6892676245197192	0.37546390732269413	0.4932933443921626	0.2758630473559574	0.24921521414799672	0.2340099268635598	0.24091181163248612	0.25	0.24267961232478585	0.24162469220880914	0.265695695466405
29000	-28553.750447485792	-28531.815808766205	-21.9346387195874	-16830.079092123196	-11701.736716643009	0.29880742100631735	2.613440294789667	0.25883692009870485	2.478365808318029	9.255381451551111	6.644326720207424	4.421502974277255	2.5039043814098116	1.0	1.0	1.0	0.5331958943836568	1.0	0.63095467191053	0.21940519884889817	0.315313925674288	0.37546390732269413	0.4932933443921626	0.2758630473559574	0.24921521414799672	0.2340099268635598	0.24091181163248612	0.25	0.24267961232478585	0.24162469220880914	0.265695695466405
30000	-28536.002534303683	-28515.92980273608	-20.07273156760339	-16830.586587868824	-11685.343214867253	0.30598901387547195	2.5797359680686482	0.25222875507096654	2.446284978593694	9.114796207492168	10.39903279155841	4.028215483331757	5.39583408044582	1.0	1.0	1.0	0.5331958943836568	1.0	0.63095467191053	0.21940519884889817	0.26476287308076474	0.37546390732269413	0.4932933443921626	0.2758630473559574	0.24921521414799672	0.2340099268635598	0.24091181163248612	0.25	0.24267961232478585	0.24162469220880914	0.265695695466405
31000	-28529.678712930512	-28509.135648491814	-20.543064438696806	-16825.78680975793	-11683.348838733886	0.3100093484100206	2.628910844678981	0.2661800520840219	2.476235658769046	9.380708355037358	9.057478282790687	4.962205599861278	3.6277973608844567	1.0	1.0	1.0	0.5331958943836568	1.0	0.63095467191053	0.21940519884889817	0.26476287308076474	0.37546390732269413	0.4932933443921626	0.2758630473559574	0.24921521414799672	0.2340099268635598	0.24091181163248612	0.25	0.24267961232478585	0.24162469220880914	0.265695695466405
32000	-28505.732170666255	-28486.13332817497	-19.59884249128647	-16808.344786999034	-11677.788541175933	0.3029283432090065	2.6068532160467552	0.2540436738029209	2.3655159289069636	9.349931232994553	9.3802489991091	4.548580606465636	3.5759393087404665	1.0	1.0	1.0	0.5331958943836568	1.0	0.63095467191053	0.21940519884889817	0.26476287308076474	0.2684240549445863	0.4932933443921626	0.2758630473559574	0.24921521414799672	0.2340099268635598	0.24091181163248612	0.24016426358280984	0.24267961232478585	0.24162469220880914	0.27553143188359513
33000	-28508.219776375216	-28488.677163204702	-19.542613170513853	-16815.156584380675	-11673.520578824026	0.3079313153203226	2.5943397567140196	0.2522030104806855	2.4313257472353342	9.315330971046313	9.650325380104567	4.379762435778195	3.969966461601239	1.0	1.0	1.0	0.5331958943836568	1.0	0.63095467191053	0.21940519884889817	0.26476287308076474	0.2684240549445863	0.4932933443921626	0.2758630473559574	0.24921521414799672	0.2340099268635598	0.24091181163248612	0.24016426358280984	0.24267961232478585	0.24162469220880914	0.27553143188359513
34000	-28506.015088892284	-28485.317179746326	-20.697909145956743	-16811.83932113191	-11673.477858614417	0.3114748051285673	2.5849896684899565	0.2628571642899421	2.5244677106168485	9.494951493955476	7.704447766839637	4.647684426557433	2.9528639697287065	1.0	1.0	1.0	0.5331958943836568	1.0	0.63095467191053	0.21940519884889817	0.26476287308076474	0.2684240549445863	0.4932933443921626	0.2758630473559574	0.24921521414799672	0.2340099268635598	0.24091181163248612	0.24016426358280984	0.24267961232478585	0.24162469220880914	0.27553143188359513
35000	-28501.059624954574	-28479.203978436264	-21.85564651831121	-16808.0724586224	-11671.131519813867	0.3092776761020787	2.577755068989469	0.25131872386206167	2.4035902190917096	8.954542913384355	10.5622391576393	7.38653723044804	5.133629554977302	1.0	1.0	1.0	0.5331958943836568	1.0	0.63095467191053	0.21940519884889817	0.26476287308076474	0.2684240549445863	0.4932933443921626	0.2758630473559574	0.24921521414799672	0.2340099268635598	0.24091181163248612	0.24016426358280984	0.24267961232478585	0.24162469220880914	0.27553143188359513
36000	-28495.350284071996	-28476.020884019792	-19.329400052204427	-16804.80936092552	-11671.211523094273	0.302917383925994	2.590701323129899	0.25142193737593854	2.395406790598986	9.113410844219484	10.4986431966013	4.0777595478531214	4.872003460576191	1.0	1.0	1.0	0.5331958943836568	1.0	0.63095467191053	0.21940519884889817	0.26476287308076474	0.2684240549445863	0.4932933443921626	0.2758630473559574	0.24921521414799672	0.2340099268635598	0.24091181163248612	0.24016426358280984	0.24267961232478585	0.24162469220880914	0.27553143188359513
37000	-28504.54825193438	-28485.326267070173	-19.221984864203858	-16809.643336717807	-11675.682930352366	0.2925602467860564	2.540615987899901	0.25170983174437034	2.3660260061342804	8.637929281905596	10.641786480187783	3.4941231631703538	4.872003460576191	1.0	1.0	1.0	0.5331958943836568	1.0	0.63095467191053	0.21940519884889817	0.26476287308076474	0.2684240549445863	0.4932933443921626	0.2758630473559574	0.24921521414799672	0.2340099268635598	0.24091181163248612	0.2302276814864887	0.252616194421107	0.24162469220880914	0.27553143188359513
38000	-28507.690455417815	-28486.601984991103	-21.08847042671339	-16810.125186987807	-11676.476798003294	0.30836585906744923	2.6029031767584723	0.25185064360126963	2.39913734599038	9.131807448248228	10.355861985376361	4.163513020479795	7.216378787977926	1.0	1.0	1.0	0.5331958943836568	1.0	0.63095467191053	0.21940519884889817	0.26476287308076474	0.2684240549445863	0.4932933443921626	0.2758630473559574	0.24921521414799672	0.2340099268635598	0.24091181163248612	0.2302276814864887	0.252616194421107	0.24162469220880914	0.27553143188359513
39000	-28508.262370677036	-28486.60359012625	-21.658780550783323	-16809.98078759508	-11676.62280253117	0.30045924427953635	2.643032300820251	0.24738678385510204	2.3531185953622016	9.0140013069887	10.94220601465022	6.523363284020943	6.3063755627555365	1.0	1.0	1.0	0.5331958943836568	1.0	0.63095467191053	0.21940519884889817	0.26476287308076474	0.2684240549445863	0.4932933443921626	0.2758630473559574	0.24921521414799672	0.2340099268635598	0.24091181163248612	0.2302276814864887	0.252616194421107	0.24162469220880914	0.27553143188359513
40000	-28511.27788706096	-28491.714399579378	-19.56348748158381	-16810.20061697188	-11681.513782607497	0.30055294659802956	2.5709161782636913	0.24231558756754312	2.4535777507088055	8.83188569014267	9.972138185895849	3.7229911671457265	4.435524778483606	1.0	1.0	1.0	0.5331958943836568	1.0	0.63095467191053	0.21940519884889817	0.26476287308076474	0.2684240549445863	0.4932933443921626	0.2758630473559574	0.24921521414799672	0.2340099268635598	0.24091181163248612	0.2302276814864887	0.252616194421107	0.24162469220880914	0.27553143188359513
41000	-28500.214438635034	-28477.706141444156	-22.508297190878757	-16803.65988119775	-11674.046260246405	0.301749178901083	2.5775569413844432	0.25385220522778495	2.4285207509661557	9.689880921156895	9.754036039960177	5.500903474596883	7.895011749857017	1.0	1.0	1.0	0.5331958943836568	1.0	0.63095467191053	0.21940519884889817	0.26476287308076474	0.2684240549445863	0.4932933443921626	0.2758630473559574	0.24921521414799672	0.2340099268635598	0.24091181163248612	0.2302276814864887	0.252616194421107	0.24162469220880914	0.27553143188359513
42000	-28502.25139865005	-28482.828064703885	-19.423333946162874	-16813.152630165747	-11669.675434538138	0.3023950696028288	2.581222315057707	0.2507139686589104	2.4174319899500336	8.858259048698889	10.22018925416007	3.779237002958594	4.561782428021864	1.0	1.0	1.0	0.5331958943836568	1.0	0.63095467191053	0.21940519884889817	0.26476287308076474	0.2684240549445863	0.4932933443921626	0.2758630473559574	0.24921521414799672	0.2340099268635598	0.24091181163248612	0.2302276814864887	0.252616194421107	0.24162469220880914	0.27553143188359513
43000	-28502.9443052392	-28483.52440679624	-19.419898442960825	-16809.619702948174	-11673.904703848066	0.29352024255176157	2.54436512075108	0.2547055497992975	2.4383494983703877	8.886318292966461	10.124768131810097	3.6870070433871955	4.561782428021864	1.0	1.0	1.0	0.5331958943836568	1.0	0.63095467191053	0.21940519884889817	0.26476287308076474	0.2684240549445863	0.4932933443921626	0.2758630473559574	0.24921521414799672	0.2340099268635598	0.24091181163248612	0.2302276814864887	0.252616194421107	0.24162469220880914	0.27553143188359513
44000	-28507.907155520246	-28484.616098978375	-23.29105654187303	-16809.472845396696	-11675.143253581678	0.2956626312420902	2.5526602524161106	0.250699416394921	2.438954873825728	6.495901653491452	5.798478365423022	2.5163354318037996	2.2324312781792943	1.0	1.0	1.0	0.5331958943836568	1.0	0.63095467191053	0.21940519884889817	0.26476287308076474	0.2684240549445863	0.4932933443921626	0.2758630473559574	0.24921521414799672	0.2340099268635598	0.24091181163248612	0.2302276814864887	0.252616194421107	0.24162469220880914	0.27553143188359513
45000	-28495.05353592323	-28475.17684642593	-19.876689497302355	-16799.332250974872	-11675.844595451059	0.3008838769541112	2.588983948414731	0.2648106850316771	2.5381500107209187	9.13875679110692	8.123752366103428	4.099725524242824	3.179320393457579	1.0	1.0	1.0	0.5331958943836568	1.0	0.63095467191053	0.21940519884889817	0.26476287308076474	0.15194758832799246	0.4932933443921626	0.2758630473559574	0.24921521414799672	0.2340099268635598	0.24091181163248612	0.2302276814864887	0.252616194421107	0.24162469220880914	0.27553143188359513
46000	-28466.574358490765	-28446.755180550983	-19.819177939781316	-16772.893115254123	-11673.86206529686	0.3287632556523023	2.6737076546872354	0.26309794627478233	2.404836279105422	9.167273699450824	9.1004676045105	5.031313062844442	3.486718651595331	1.0	1.0	1.0	0.5331958943836568	1.0	0.63095467191053	0.21940519884889817	0.26476287308076474	0.15194758832799246	0.4932933443921626	0.2758630473559574	0.24921521414799672	0.21296183625361392	0.261959902242432	0.2302276814864887	0.252616194421107	0.24162469220880914	0.27553143188359513
47000	-28465.99952157887	-28446.051023896056	-19.948497682814562	-16774.467318012328	-11671.583705883728	0.29529972735930193	2.612094929176928	0.2557557614514765	2.4011563931581823	7.39659039450817	9.453397515818185	2.929997513735116	3.715286732598785	1.0	1.0	1.0	0.5331958943836568	1.0	0.63095467191053	0.21940519884889817	0.26476287308076474	0.17287023111357794	0.4932933443921626	0.2758630473559574	0.24921521414799672	0.21296183625361392	0.261959902242432	0.2302276814864887	0.252616194421107	0.24162469220880914	0.27553143188359513
48000	-28463.011292996045	-28443.515739731214	-19.495553264829898	-16770.977226915125	-11672.53851281609	0.2975208437113212	2.580673357864217	0.24499447728677654	2.3744719097475393	9.425011757715044	10.821690276796403	4.464908625077331	6.202344957484352	1.0	1.0	1.0	0.5331958943836568	1.0	0.63095467191053	0.21940519884889817	0.26476287308076474	0.17287023111357794	0.4932933443921626	0.2758630473559574	0.24921521414799672	0.21296183625361392	0.261959902242432	0.2302276814864887	0.252616194421107	0.24162469220880914	0.27553143188359513
49000	-28454.46732298615	-28435.020214769793	-19.447108216357773	-16765.402400452564	-11669.617814317231	0.31381610850618247	2.6626593899694084	0.25074022906616766	2.3845336984346437	7.56676247206628	10.165061429332159	3.0899918174950525	4.2976449773285275	0.8337874554626736	1.0	1.0	0.5331958943836568	1.0	0.63095467191053	0.21940519884889817	0.26476287308076474	0.17287023111357794	0.4932933443921626	0.2758630473559574	0.24921521414799672	0.21296183625361392	0.261959902242432	0.2302276814864887	0.252616194421107	0.24162469220880914	0.27553143188359513
50000	-28431.2177378038	-28412.67585726583	-18.54188053796878	-16761.003756882168	-11651.672100383661	0.32041616300132264	2.6763684590508525	0.24944668703116146	2.345118175599332	9.115381858204948	10.094711254791669	5.680767676545841	4.059392266388633	0.8337874554626736	1.0	1.0	0.5331958943836568	1.0	0.63095467191053	0.21940519884889817	0.11358988105029225	0.12208554764479225	0.4932933443921626	0.2758630473559574	0.24921521414799672	0.21296183625361392	0.261959902242432	0.2302276814864887	0.252616194421107	0.24162469220880914	0.27553143188359513
51000	-28437.08922025197	-28419.998130644803	-17.091089607168314	-16765.774771157005	-11654.2233594878	0.2982921437486483	2.5527374913987466	0.23801029113947472	2.270195217238468	9.702111127645024	11.39124220680954	4.785417421967297	5.540781838288481	0.8337874554626736	1.0	1.0	0.5331958943836568	1.0	0.63095467191053	0.21940519884889817	0.11358988105029225	0.12208554764479225	0.4932933443921626	0.2758630473559574	0.24921521414799672	0.21296183625361392	0.261959902242432	0.2302276814864887	0.252616194421107	0.24162469220880914	0.27553143188359513
52000	-28426.60079216572	-28408.632642470257	-17.96814969546158	-16767.72014548907	-11640.912496981186	0.3182859094513533	2.584788538720506	0.24713987493040104	2.3913338400587634	9.548733487399176	10.729642230890612	4.785417421967297	5.622977685058026	0.8337874554626736	1.0	1.0	0.5331958943836568	1.0	0.63095467191053	0.21940519884889817	0.11358988105029225	0.12208554764479225	0.4932933443921626	0.2758630473559574	0.24921521414799672	0.21296183625361392	0.261959902242432	0.22571189153691096	0.25713198437068474	0.24162469220880914	0.27553143188359513
53000	-28411.606065231546	-28394.025946621798	-17.580118609749615	-16745.665669538073	-11648.360277083724	0.31865413115485647	2.691524374650106	0.25194384661081015	2.384431217548299	8.10922170558942	10.475336713052911	3.493047722294895	4.727818952118556	0.8337874554626736	1.0	1.0	0.5331958943836568	1.0	0.63095467191053	0.13078267417248055	0.11358988105029225	0.12208554764479225	0.4932933443921626	0.2758630473559574	0.24921521414799672	0.21296183625361392	0.261959902242432	0.22571189153691096	0.25713198437068474	0.24162469220880914	0.27553143188359513
54000	-28408.497153981585	-28388.778963144603	-19.718190836981723	-16740.836484781314	-11647.94247836329	0.30073534884779063	2.5863250315305444	0.26338642376954824	2.529076750368815	9.565321092550203	9.48617553208029	4.8610972991779855	7.097677448021148	0.8337874554626736	1.0	1.0	0.5331958943836568	1.0	0.63095467191053	0.13078267417248055	0.11358988105029225	0.12208554764479225	0.4932933443921626	0.2758630473559574	0.24921521414799672	0.21296183625361392	0.261959902242432	0.22571189153691096	0.25713198437068474	0.24162469220880914	0.27553143188359513
55000	-28404.227869396294	-28386.01588219953	-18.21198719676508	-16743.71900170226	-11642.296880497272	0.3066418569634578	2.598796780484501	0.24544667944567056	2.396825982885621	9.435746010385433	10.268977289822981	6.186412708688102	4.496660318777582	0.8337874554626736	1.0	1.0	0.5331958943836568	1.0	0.63095467191053	0.13078267417248055	0.11358988105029225	0.12208554764479225	0.4932933443921626	0.2758630473559574	0.24921521414799672	0.21296183625361392	0.261959902242432	0.22571189153691096	0.25713198437068474	0.24162469220880914	0.27553143188359513
56000	-28398.646690850623	-28380.53120974348	-18.11548110714317	-16732.912740223714	-11647.618469519764	0.3125235135335486	2.6950386040371628	0.2658270596647758	2.551213677303147	9.032299521370021	9.746784326720947	4.837379185866449	6.126258738226343	0.8337874554626736	1.0	1.0	0.5331958943836568	1.0	0.63095467191053	0.07738931233269825	0.05346851655120135	0.12208554764479225	0.4932933443921626	0.2758630473559574	0.24921521414799672	0.21296183625361392	0.261959902242432	0.22571189153691096	0.25713198437068474	0.24162469220880914	0.27553143188359513
57000	-28398.207650724038	-28381.767080511047	-16.44057021299174	-16737.084543915556	-11644.682536595488	0.29619965090031425	2.5665522304955646	0.25958770086635674	2.440414744987409	8.044164746370031	10.217219300316934	3.185164879342874	4.740517127003426	0.8337874554626736	1.0	1.0	0.5331958943836568	1.0	0.63095467191053	0.07738931233269825	0.05346851655120135	0.12208554764479225	0.4932933443921626	0.2758630473559574	0.24921521414799672	0.21296183625361392	0.261959902242432	0.22571189153691096	0.25713198437068474	0.24162469220880914	0.27553143188359513
58000	-28400.548600266535	-28382.501634143864	-18.04696612267077	-16737.04680700771	-11645.454827136153	0.304008018375378	2.662466856037934	0.25144076043595665	2.4307691049709197	8.707779652713581	9.439967246363377	6.8399598732427345	3.7895708996511144	0.8337874554626736	1.0	0.6686008346089389	0.5331958943836568	1.0	0.63095467191053	0.07738931233269825	0.05346851655120135	0.12208554764479225	0.4932933443921626	0.2758630473559574	0.24921521414799672	0.21296183625361392	0.261959902242432	0.22571189153691096	0.25713198437068474	0.24162469220880914	0.27553143188359513
59000	-28390.067714426386	-28374.447277399137	-15.620437027250178	-16729.973035851865	-11644.474241547272	0.30656052083904745	2.6227609722227094	0.245653412456493	2.3681947042899623	8.366870001924253	10.466025890925922	3.5057146848296656	4.592524310150724	0.8337874554626736	1.0	0.6686008346089389	0.5331958943836568	1.0	0.63095467191053	0.07738931233269825	0.05346851655120135	0.12208554764479225	0.4932933443921626	0.2758630473559574	0.24921521414799672	0.21296183625361392	0.261959902242432	0.22571189153691096	0.25713198437068474	0.24162469220880914	0.27553143188359513
60000	-28388.37359717707	-28372.22556641807	-16.148030758997624	-16724.22014672221	-11648.005419695857	0.3196629727707214	2.6911352142029705	0.251358705647005	2.397745519143762	8.72539068091791	10.673049020880192	4.107255466705	5.462754798560718	0.8337874554626736	1.0	0.6686008346089389	0.5331958943836568	1.0	0.63095467191053	0.07738931233269825	0.05346851655120135	0.12208554764479225	0.4932933443921626	0.2758630473559574	0.2590401385207138	0.2031369118808969	0.261959902242432	0.22571189153691096	0.25713198437068474	0.24162469220880914	0.27553143188359513
61000	-28322.88347917773	-28307.187299374764	-15.696179802966642	-16729.093576126386	-11578.093723248378	0.32480871897704333	2.6875382929605878	0.24869976915602088	2.3749674889216332	9.096607878430554	10.547083585511103	5.020306628002504	4.775067708284197	0.8337874554626736	1.0	0.6686008346089389	0.5331958943836568	1.0	0.63095467191053	0.07738931233269825	0.05346851655120135	0.12208554764479225	0.33433580731106527	0.2758630473559574	0.2590401385207138	0.2031369118808969	0.261959902242432	0.22571189153691096	0.25713198437068474	0.24162469220880914	0.27553143188359513
62000	-28325.462955676987	-28310.13858154447	-15.324374132517308	-16732.548127636273	-11577.590453908197	0.3119275231079564	2.6807553251764156	0.2491151077709761	2.3814667896761925	7.556866189971416	10.683963936910137	3.115116289807622	5.157654304295008	0.8337874554626736	1.0	0.6686008346089389	0.5331958943836568	1.0	0.63095467191053	0.04072321362730293	0.05346851655120135	0.12208554764479225	0.33433580731106527	0.2758630473559574	0.2590401385207138	0.2031369118808969	0.261959902242432	0.22571189153691096	0.25713198437068474	0.24162469220880914	0.27553143188359513
63000	-28321.423923571787	-28306.893763241587	-14.530160330200841	-16728.30313769553	-11578.590625546058	0.31107209533707547	2.6608216921055923	0.24091491070430016	2.3468465331062074	8.936723473141434	10.555049263704873	4.231807146928399	4.579747060836796	0.8337874554626736	1.0	0.6686008346089389	0.5331958943836568	1.0	0.63095467191053	0.04072321362730293	0.05346851655120135	0.12208554764479225	0.33433580731106527	0.2758630473559574	0.2590401385207138	0.2031369118808969	0.261959902242432	0.22571189153691096	0.25713198437068474	0.24162469220880914	0.27553143188359513
64000	-28315.820820765603	-28300.30508605738	-15.515734708225237	-16728.565437506364	-11571.739648551016	0.3047992834823584	2.669296455319918	0.2663047554447323	2.499705906526	9.18711935469552	9.702515922092825	5.011538141629866	4.341376375121747	0.8337874554626736	1.0	0.6686008346089389	0.5331958943836568	1.0	0.63095467191053	0.04072321362730293	0.05346851655120135	0.12208554764479225	0.33433580731106527	0.2758630473559574	0.2590401385207138	0.2031369118808969	0.261959902242432	0.23721497853245385	0.25713198437068474	0.23012160521326624	0.27553143188359513
65000	-28316.324826572618	-28301.001013705543	-15.323812867075981	-16727.435877913234	-11573.565135792307	0.3078689306546736	2.6857869180213347	0.26348507259109377	2.454146220315561	9.010603122044968	9.39756767337059	4.601216651219777	3.8273724318047257	0.8337874554626736	1.0	0.6686008346089389	0.5331958943836568	1.0	0.63095467191053	0.04072321362730293	0.05346851655120135	0.12208554764479225	0.33433580731106527	0.2758630473559574	0.2590401385207138	0.2031369118808969	0.261959902242432	0.23721497853245385	0.25713198437068474	0.23012160521326624	0.27553143188359513
66000	-28298.30048508974	-28282.20487353725	-16.09561155249468	-16708.970251707295	-11573.234621829954	0.31008360804028934	2.649913873077941	0.25555875915476034	2.427719900783138	7.228239277395755	10.195172034024898	2.9032364388519385	4.596588241684608	0.8337874554626736	1.0	0.6686008346089389	0.5331958943836568	1.0	0.63095467191053	0.06644850183818998	0.05346851655120135	0.12208554764479225	0.33433580731106527	0.307612242063582	0.2590401385207138	0.2031369118808969	0.23021070753480738	0.23721497853245385	0.25713198437068474	0.23012160521326624	0.27553143188359513
67000	-28293.390398605035	-28277.247956943873	-16.142441661160877	-16706.68830131558	-11570.559655628294	0.31814360679088083	2.7099451630515534	0.24164546787057	2.2874015190226835	6.267402116109033	11.03704773957874	2.5763272318832575	4.893043219170285	0.8337874554626736	1.0	0.6686008346089389	0.5331958943836568	1.0	0.63095467191053	0.06644850183818998	0.05346851655120135	0.12208554764479225	0.33433580731106527	0.307612242063582	0.2590401385207138	0.2031369118808969	0.23021070753480738	0.23721497853245385	0.25713198437068474	0.23012160521326624	0.27553143188359513
68000	-28273.135631893023	-28257.67522307152	-15.460408821501987	-16682.90105502044	-11574.77416805108	0.32637610544391416	2.696604810908771	0.23771229570096197	2.35291146428168	8.34472407546503	9.33353644617395	3.7050732669350257	3.5183577975550064	0.8337874554626736	1.0	0.6686008346089389	0.5331958943836568	0.8103519718954141	0.63095467191053	0.06644850183818998	0.05346851655120135	0.12208554764479225	0.33433580731106527	0.307612242063582	0.2590401385207138	0.2031369118808969	0.23021070753480738	0.23721497853245385	0.25713198437068474	0.23012160521326624	0.27553143188359513
69000	-28271.052726899266	-28252.996009309085	-18.056717590182693	-16684.644411307305	-11568.351598001778	0.328818442299472	2.7690786022312133	0.24817578949294714	2.4276354572311054	8.67667684515675	10.12752032327069	5.25816930111606	7.262329724792846	0.8337874554626736	1.0	0.6686008346089389	0.5331958943836568	0.8103519718954141	0.63095467191053	0.06644850183818998	0.05346851655120135	0.12208554764479225	0.33433580731106527	0.307612242063582	0.2590401385207138	0.2031369118808969	0.23021070753480738	0.23721497853245385	0.25713198437068474	0.23012160521326624	0.27553143188359513
70000	-28266.013964015463	-28250.467309154497	-15.546654860964258	-16680.22289724128	-11570.244411913218	0.33088741414111533	2.7639375291732606	0.25984983711075604	2.4106421046295385	8.262658828873894	10.086921848547242	3.8859942221378807	4.338611844777286	0.8337874554626736	1.0	0.6686008346089389	0.5331958943836568	0.8103519718954141	0.63095467191053	0.06644850183818998	0.05346851655120135	0.12208554764479225	0.33433580731106527	0.307612242063582	0.2590401385207138	0.2031369118808969	0.23021070753480738	0.23721497853245385	0.25713198437068474	0.23012160521326624	0.27553143188359513
71000	-28265.32334662573	-28249.00897028247	-16.314376343261184	-16680.38533100789	-11568.62363927458	0.32068856046292205	2.7023117910385213	0.24500749244309253	2.3326186066102466	9.029205779680753	11.030018875451768	5.199356042179969	6.569357860263906	0.8337874554626736	1.0	0.6686008346089389	0.5331958943836568	0.8103519718954141	0.63095467191053	0.06644850183818998	0.05346851655120135	0.12208554764479225	0.33433580731106527	0.307612242063582	0.2590401385207138	0.2031369118808969	0.23021070753480738	0.23721497853245385	0.25713198437068474	0.23012160521326624	0.27553143188359513
72000	-28238.68844357686	-28223.00420893109	-15.684234645772017	-16650.658042813586	-11572.346166117502	0.3380947130155074	2.721474323253944	0.25088871879316965	2.436517735110929	8.91134594747176	9.075462397013757	4.880730935196787	3.5419516276525553	0.5921652777469673	1.0	0.6686008346089389	0.5331958943836568	0.8103519718954141	0.63095467191053	0.06644850183818998	0.05346851655120135	0.12208554764479225	0.33433580731106527	0.307612242063582	0.2590401385207138	0.2031369118808969	0.23021070753480738	0.23721497853245385	0.25713198437068474	0.23012160521326624	0.27553143188359513
73000	-28243.205569997936	-28219.469755074664	-23.73581492327263	-16645.364681939045	-11574.10507313562	0.323434954177013	2.726959309274085	0.25940149798415235	2.456869283590992	6.731130499227233	9.49950634574752	8.546699799484456	7.939621391761935	0.6090057006723436	1.0	0.649731649860238	0.5331958943836568	0.7937392012624968	0.63095467191053	0.07016176842998526	0.1313256907211398	0.11862806286495986	0.33433580731106527	0.3162228743894043	0.24901677444286918	0.19623007795917743	0.23853027320854914	0.23721497853245385	0.25713198437068474	0.23012160521326624	0.27553143188359513
74000	-28232.10574504822	-28215.830714958334	-16.275030089883707	-16644.117117139715	-11571.713597818622	0.3337457430262249	2.787723340474651	0.24463536402150252	2.3904475896667776	7.549436472452471	10.316379937326593	3.3236240828752224	4.5228829855044745	0.6090057006723436	1.0	0.649731649860238	0.5331958943836568	0.7937392012624968	0.63095467191053	0.07016176842998526	0.1313256907211398	0.11862806286495986	0.33433580731106527	0.3162228743894043	0.24901677444286918	0.19623007795917743	0.23853027320854914	0.23721497853245385	0.25713198437068474	0.23012160521326624	0.27553143188359513
75000	-28232.627882844437	-28216.380822831798	-16.247060012639164	-16646.594146376436	-11569.786676455362	0.33434452493357303	2.787334836607772	0.2526627907692309	2.407039468125904	8.200695359938974	10.497362998779982	3.922253657841894	5.001094004015402	0.6090057006723436	1.0	0.649731649860238	0.5331958943836568	0.7937392012624968	0.63095467191053	0.07016176842998526	0.1313256907211398	0.11862806286495986	0.33433580731106527	0.3162228743894043	0.24901677444286918	0.19623007795917743	0.23853027320854914	0.23721497853245385	0.25713198437068474	0.23012160521326624	0.27553143188359513
76000	-28225.389428845687	-28209.759508166084	-15.629920679601943	-16648.12205034318	-11561.637457822904	0.31518651967088307	2.7182976448898035	0.23456131421910034	2.273548439467134	8.946719464635288	10.902708375674468	5.147751519441886	4.595130462934466	0.6090057006723436	0.9706531486996293	0.649731649860238	0.5590157077502842	0.7937392012624968	0.6151252046194216	0.07016176842998526	0.12660529984785107	0.11862806286495986	0.32087668375732287	0.3162228743894043	0.24901677444286918	0.19623007795917743	0.23853027320854914	0.22202942137610857	0.2622315555473826	0.2334521789382622	0.28228684413824656
77000	-28223.42374593732	-28207.657821063392	-15.765924873927437	-16645.96444153894	-11561.693379524451	0.3202171070173948	2.704767133221422	0.2457050235749968	2.349639432512167	8.794605629049714	10.939403959124137	4.308201511955994	5.479788626733961	0.6090057006723436	0.9706531486996293	0.649731649860238	0.5590157077502842	0.7937392012624968	0.6151252046194216	0.07016176842998526	0.12660529984785107	0.11862806286495986	0.32087668375732287	0.3162228743894043	0.24901677444286918	0.19623007795917743	0.23853027320854914	0.22202942137610857	0.2622315555473826	0.2334521789382622	0.28228684413824656
78000	-28216.341877212126	-28199.982462219676	-16.35941499244844	-16639.605630689977	-11560.3768315297	0.32296991291086724	2.739167635659405	0.2351296134354035	2.3086616286010666	7.5849848824225825	11.229336590129247	3.241177332907891	6.212328016443083	0.6090057006723436	0.9706531486996293	0.649731649860238	0.5590157077502842	0.7937392012624968	0.6151252046194216	0.07016176842998526	0.12660529984785107	0.11862806286495986	0.32087668375732287	0.3162228743894043	0.24901677444286918	0.19623007795917743	0.23853027320854914	0.22202942137610857	0.2622315555473826	0.2334521789382622	0.28228684413824656
79000	-28222.645072196392	-28205.21403283922	-17.431039357173194	-16646.065004538545	-11559.149028300677	0.3273611198662636	2.7609649480771155	0.23493428298998556	2.3431619712929543	6.875580083962477	8.183504224892854	2.888646054747087	2.9295626415540763	0.6090057006723436	0.9706531486996293	0.649731649860238	0.5590157077502842	0.7937392012624968	0.6151252046194216	0.07016176842998526	0.12660529984785107	0.11862806286495986	0.32087668375732287	0.3162228743894043	0.24901677444286918	0.19623007795917743	0.23853027320854914	0.22202942137610857	0.2622315555473826	0.2334521789382622	0.28228684413824656
80000	-28228.466815517502	-28210.898590096425	-17.56822542107847	-16646.75475327949	-11564.143836816938	0.32799329525096693	2.8236768504832157	0.24832283894656274	2.4134822835495497	8.401351592913425	8.97946968666969	5.1739113486318224	3.431121608175374	0.6090057006723436	0.9706531486996293	0.649731649860238	0.5590157077502842	0.7937392012624968	0.6151252046194216	0.07016176842998526	0.12660529984785107	0.16624825394783632	0.32087668375732287	0.3162228743894043	0.24901677444286918	0.19623007795917743	0.23853027320854914	0.22202942137610857	0.2622315555473826	0.2334521789382622	0.28228684413824656
81000	-28224.866360313514	-28206.66164875913	-18.20471155438345	-16644.823847397165	-11561.837801361966	0.32173226596203397	2.7209297029567034	0.23956890018467164	2.3531653778058406	8.917246336540787	10.513295169617965	4.9037672196421775	7.593578879708404	0.6090057006723436	0.9706531486996293	0.649731649860238	0.5590157077502842	0.7937392012624968	0.6151252046194216	0.07016176842998526	0.12660529984785107	0.16624825394783632	0.32087668375732287	0.3162228743894043	0.24901677444286918	0.19623007795917743	0.23853027320854914	0.22202942137610857	0.2622315555473826	0.2334521789382622	0.28228684413824656
82000	-28231.967823886196	-28215.405585131266	-16.562238754931872	-16648.928892888296	-11566.476692242968	0.32269105285722044	2.7436775892500505	0.2537088378691772	2.372675600351316	8.689262257724039	9.236936858790722	4.444977770957435	3.501610854851242	0.6090057006723436	0.9706531486996293	0.649731649860238	0.5590157077502842	0.7937392012624968	0.6151252046194216	0.07016176842998526	0.12660529984785107	0.16624825394783632	0.32087668375732287	0.3162228743894043	0.24901677444286918	0.19623007795917743	0.23853027320854914	0.22202942137610857	0.2622315555473826	0.2334521789382622	0.28228684413824656
83000	-28193.07502493908	-28177.25551322659	-15.81951171248889	-16649.068148366092	-11528.187364860498	0.3198820957300579	2.7708698138487358	0.24343844991579874	2.339106701655531	8.568246230243995	10.412371586592837	4.444589284478133	4.355727422659125	0.6090057006723436	0.9706531486996293	0.649731649860238	0.5590157077502842	0.7937392012624968	0.6151252046194216	0.07016176842998526	0.12660529984785107	0.16624825394783632	0.22818242508950826	0.3162228743894043	0.24901677444286918	0.19623007795917743	0.23853027320854914	0.22202942137610857	0.2622315555473826	0.2334521789382622	0.28228684413824656
84000	-28190.163485701363	-28174.32808135033	-15.835404351033933	-16644.085484572424	-11530.242596777905	0.3181159859591705	2.7321481695126186	0.244231062630539	2.3705416294846677	7.958301549334028	10.374298351122423	3.48600063001441	4.479472864432697	0.6090057006723436	0.9706531486996293	0.649731649860238	0.5590157077502842	0.7937392012624968	0.6151252046194216	0.07016176842998526	0.12660529984785107	0.16624825394783632	0.22818242508950826	0.3162228743894043	0.24901677444286918	0.19623007795917743	0.23853027320854914	0.22202942137610857	0.2622315555473826	0.2334521789382622	0.28228684413824656
85000	-28192.640998998144	-28175.98631082794	-16.654688170206583	-16644.07042913233	-11531.915881695606	0.3400622119466422	2.81843391969815	0.2352337404033062	2.333171352912025	8.336592511975276	10.126762395573662	5.59656844515836	4.044732989839104	0.6090057006723436	0.9706531486996293	0.649731649860238	0.5590157077502842	0.7937392012624968	0.6151252046194216	0.07016176842998526	0.12660529984785107	0.12712441620558557	0.22818242508950826	0.3162228743894043	0.24901677444286918	0.19623007795917743	0.23853027320854914	0.22202942137610857	0.2622315555473826	0.2334521789382622	0.28228684413824656
86000	-28174.108766353922	-28158.103159188744	-16.005607165179256	-16631.591197327223	-11526.511961861519	0.3198819614885471	2.7261400910684355	0.23980265246246618	2.361627947471888	8.906204423034975	10.909125445373217	5.161845769785504	5.745788819222889	0.6090057006723436	0.9706531486996293	0.649731649860238	0.5590157077502842	0.6525487489344388	0.6151252046194216	0.07016176842998526	0.12660529984785107	0.12712441620558557	0.22818242508950826	0.3162228743894043	0.24901677444286918	0.19623007795917743	0.23853027320854914	0.22202942137610857	0.2622315555473826	0.2334521789382622	0.28228684413824656
87000	-28166.16702333696	-28149.044145466953	-17.122877870005542	-16632.030157488247	-11517.013987978706	0.3165171674713345	2.7109187623674145	0.24522831142261559	2.3474358755853193	8.951929959141959	7.111728842541961	4.81857478275835	2.547578438695709	0.6090057006723436	0.9823131369201715	0.649731649860238	0.5419243316820328	0.6525487489344388	0.6479218066388909	0.07016176842998526	0.12248155935621714	0.12712441620558557	0.22277672849853	0.3162228743894043	0.24901677444286918	0.19623007795917743	0.23853027320854914	0.21569273778112638	0.2588435096486546	0.2285460565170654	0.2969176960531536
88000	-28162.677607450983	-28145.69949720129	-16.978110249693845	-16632.985305679194	-11512.714191522095	0.33454894958845754	2.765230191088924	0.2384526119144712	2.2988032993716816	4.959837087530431	10.97776168757146	2.2013737167866374	4.886845853831125	0.6090057006723436	0.9823131369201715	0.649731649860238	0.5419243316820328	0.6525487489344388	0.6479218066388909	0.07016176842998526	0.12248155935621714	0.12712441620558557	0.22277672849853	0.3162228743894043	0.24901677444286918	0.19623007795917743	0.23853027320854914	0.21569273778112638	0.2588435096486546	0.2285460565170654	0.2969176960531536
89000	-28166.722515122165	-28148.508447625332	-18.214067496831102	-16629.47263442842	-11519.03581319691	0.3282105852587264	2.7633358586015544	0.24344973501083475	2.346409795601533	3.6369031047167497	10.745116078855183	1.8787557759112585	4.886845853831125	0.6090057006723436	0.9823131369201715	0.649731649860238	0.5419243316820328	0.6525487489344388	0.6479218066388909	0.07016176842998526	0.12248155935621714	0.12712441620558557	0.22277672849853	0.3162228743894043	0.24901677444286918	0.19623007795917743	0.23853027320854914	0.21569273778112638	0.2588435096486546	0.2285460565170654	0.2969176960531536
90000	-28161.319793857212	-28145.688130618044	-15.631663239169017	-16630.77831011567	-11514.909820502373	0.32983628178711444	2.7632906529130565	0.2390581246818654	2.3258565002970637	7.5798848816780895	10.87541493809102	3.2891191352975304	4.944006708191563	0.6090057006723436	0.9823131369201715	0.649731649860238	0.5419243316820328	0.6525487489344388	0.6479218066388909	0.07016176842998526	0.12248155935621714	0.1541855152848557	0.22277672849853	0.3162228743894043	0.24901677444286918	0.19623007795917743	0.23853027320854914	0.21569273778112638	0.2588435096486546	0.2285460565170654	0.2969176960531536
91000	-28132.17351025661	-28117.13167887349	-15.041831383118334	-16629.408458920905	-11487.723219952584	0.3217129416967215	2.7336560524944526	0.2445137091056836	2.350100910777844	6.981089240364857	10.665421021522937	2.9013099302762773	4.774376722767799	0.6090057006723436	1.01070435935149	0.649731649860238	0.5211966378747723	0.6525487489344388	0.6258054672179596	0.0375013698206609	0.11763903541159135	0.1541855152848557	0.16220130481569084	0.3162228743894043	0.24901677444286918	0.19623007795917743	0.23853027320854914	0.2136350650969348	0.2647028511908108	0.21999597853930983	0.30166610517294445
92000	-28137.28338299753	-28117.71867629814	-19.564706699389834	-16628.275456993502	-11489.443219304638	0.33172379612888064	2.7800180223355935	0.24485134821634202	2.392240724190748	4.3511548589376545	5.991333359442621	2.0501073581008	2.255455128941954	0.6090057006723436	1.01070435935149	0.649731649860238	0.5211966378747723	0.6525487489344388	0.6258054672179596	0.0375013698206609	0.11763903541159135	0.1541855152848557	0.16220130481569084	0.3162228743894043	0.24901677444286918	0.19623007795917743	0.23853027320854914	0.2136350650969348	0.2647028511908108	0.21999597853930983	0.30166610517294445
93000	-28137.13992361413	-28119.64215059732	-17.49777301681191	-16629.322440272892	-11490.319710324427	0.33028995048789905	2.7394255902606566	0.2458980522690928	2.301872246269335	7.6441696172286635	10.583462707593078	7.521453321137665	4.365530687800357	0.6090057006723436	1.01070435935149	0.649731649860238	0.5211966378747723	0.6525487489344388	0.6258054672179596	0.0375013698206609	0.11763903541159135	0.1541855152848557	0.16220130481569084	0.3162228743894043	0.24901677444286918	0.19623007795917743	0.23853027320854914	0.19928093425674365	0.2647028511908108	0.21999597853930983	0.3160202360131356
94000	-28131.835328000718	-28117.231029678296	-14.60429832242321	-16625.670119644456	-11491.560910033839	0.32786960368146745	2.7559805122712033	0.2407551608270101	2.344443465950329	8.563642250146458	10.299831496555305	4.287608626215682	4.257234826370729	0.6090057006723436	1.01070435935149	0.649731649860238	0.5211966378747723	0.6525487489344388	0.6258054672179596	0.0375013698206609	0.11763903541159135	0.1541855152848557	0.16220130481569084	0.3162228743894043	0.24901677444286918	0.19623007795917743	0.23853027320854914	0.19928093425674365	0.2647028511908108	0.21999597853930983	0.3160202360131356
95000	-28131.25406490218	-28116.396551635895	-14.85751326628395	-16626.837643287083	-11489.558908348814	0.331816776156784	2.785137778266854	0.24231448635970587	2.344391517320754	7.956203856289447	10.930693358412508	3.645987416493455	5.3278174864729975	0.6090057006723436	1.01070435935149	0.649731649860238	0.5211966378747723	0.6525487489344388	0.6258054672179596	0.0375013698206609	0.11763903541159135	0.1541855152848557	0.16220130481569084	0.3162228743894043	0.24901677444286918	0.19623007795917743	0.23853027320854914	0.19928093425674365	0.2647028511908108	0.21999597853930983	0.3160202360131356
96000	-28127.204476508963	-28112.157161905612	-15.047314603350904	-16626.953485106085	-11485.203676799527	0.3371104740272159	2.886422469771105	0.23707154874716665	2.315992209883655	7.483856669290539	11.028813101987899	3.5437682840707567	5.1758276419195886	0.6090057006723436	1.01070435935149	0.649731649860238	0.5211966378747723	0.6525487489344388	0.6258054672179596	0.0375013698206609	0.11763903541159135	0.1541855152848557	0.16220130481569084	0.3162228743894043	0.24901677444286918	0.19623007795917743	0.23853027320854914	0.19928093425674365	0.2647028511908108	0.21999597853930983	0.3160202360131356
97000	-28130.032708747756	-28114.930944968088	-15.101763779670064	-16625.130055545498	-11489.80088942259	0.3319449797577515	2.7779994002891906	0.2431116785262027	2.385942495566353	8.376571361880265	9.398134728119707	4.119975170527653	3.6367125184691296	0.6090057006723436	1.01070435935149	0.649731649860238	0.5211966378747723	0.6525487489344388	0.6258054672179596	0.0375013698206609	0.11763903541159135	0.1541855152848557	0.16220130481569084	0.3162228743894043	0.24901677444286918	0.19623007795917743	0.23853027320854914	0.19928093425674365	0.2647028511908108	0.21999597853930983	0.3160202360131356
98000	-28143.535799311005	-28126.27339738565	-17.262401925356357	-16627.945659810623	-11498.327737575026	0.3368748402006516	2.858935476823681	0.23321285667607172	2.3176497419656883	8.141437076131648	10.621734209906286	4.33721714497497	7.908987036671348	0.6090057006723436	1.01070435935149	0.649731649860238	0.5211966378747723	0.6525487489344388	0.6258054672179596	0.0375013698206609	0.11763903541159135	0.1541855152848557	0.16220130481569084	0.3162228743894043	0.24901677444286918	0.17698948627425326	0.25777086489347334	0.19928093425674365	0.2647028511908108	0.21999597853930983	0.3160202360131356
99000	-28119.681517185716	-28104.82975751971	-14.85175966600578	-16625.893665563344	-11478.936091956366	0.32716625098455315	2.743313752159078	0.23628098021001742	2.2643448278566183	6.893740049974139	11.47599342669565	2.8731340860583376	5.794571488912516	0.6090057006723436	1.01070435935149	0.649731649860238	0.5211966378747723	0.6525487489344388	0.6258054672179596	0.0375013698206609	0.11763903541159135	0.1541855152848557	0.11973250819302558	0.3162228743894043	0.24901677444286918	0.17698948627425326	0.25777086489347334	0.19928093425674365	0.2647028511908108	0.21999597853930983	0.3160202360131356
100000	-28123.01750257779	-28107.26363944094	-15.753863136852011	-16625.952908698786	-11481.310730742152	0.33746223032807704	2.8297849336320255	0.24731735022150744	2.3735336034925822	8.313104995549935	9.006624094798841	5.4620750815994255	3.368122211114008	0.6090057006723436	1.01070435935149	0.649731649860238	0.5211966378747723	0.6525487489344388	0.4508948991367939	0.0375013698206609	0.11763903541159135	0.1541855152848557	0.11973250819302558	0.3162228743894043	0.24901677444286918	0.17698948627425326	0.25777086489347334	0.19928093425674365	0.2647028511908108	0.21999597853930983	0.3160202360131356
